catalog_service listening on port 3011
[2025-12-22T20:02:25.083Z] GET /info/1
[2025-12-22T20:04:30.856Z] GET /info/1
[2025-12-22T20:04:31.299Z] GET /info/1
[2025-12-22T20:04:31.741Z] GET /info/1
[2025-12-22T20:04:32.166Z] GET /info/1
[2025-12-22T20:04:32.601Z] GET /info/1
[2025-12-22T20:04:46.605Z] GET /info/2
[2025-12-22T20:04:48.193Z] GET /info/2
[2025-12-22T20:05:04.288Z] GET /info/1
[2025-12-22T20:05:04.528Z] GET /info/1
[2025-12-22T20:05:04.758Z] GET /info/1
[2025-12-22T20:07:39.642Z] GET /search/distributed systems
[2025-12-22T20:39:48.354Z] GET /search/distributed systems
[2025-12-22T20:45:40.463Z] GET /search/graduate school
[2025-12-22T20:45:47.305Z] GET /search/graduate school
[2025-12-22T20:47:38.103Z] GET /search/cooking for the impatient undergrad
[2025-12-22T20:47:43.122Z] GET /search/cooking for the impatient undergrad
[2025-12-22T20:47:43.980Z] GET /search/cooking for the impatient undergrad
[2025-12-22T20:47:44.133Z] GET /search/cooking for the impatient undergrad
[2025-12-22T20:47:44.293Z] GET /search/cooking for the impatient undergrad
[2025-12-22T20:47:44.445Z] GET /search/cooking for the impatient undergrad
[2025-12-22T20:47:44.590Z] GET /search/cooking for the impatient undergrad
[2025-12-22T20:47:44.736Z] GET /search/cooking for the impatient undergrad
[2025-12-22T20:47:44.881Z] GET /search/cooking for the impatient undergrad
[2025-12-22T20:47:45.020Z] GET /search/cooking for the impatient undergrad
[2025-12-22T20:47:45.236Z] GET /search/cooking for the impatient undergrad
[2025-12-22T20:48:03.974Z] GET /search/distributed systems
[2025-12-22T20:48:23.502Z] GET /search/cooking for the impatient undergrad
[2025-12-22T20:49:13.645Z] GET /search/graduate school
[2025-12-22T20:51:59.688Z] GET /search/graduate school
[2025-12-22T20:52:10.789Z] GET /search/graduate school
[2025-12-22T20:52:54.072Z] GET /search/graduate school
[2025-12-22T20:52:59.258Z] GET /search/distributed systems
[2025-12-22T20:53:04.941Z] GET /search/distributed systems
[2025-12-22T21:13:00.026Z] GET /info/1
[2025-12-22T21:20:51.288Z] GET /info/1
[2025-12-22T21:21:45.861Z] GET /info/1
[2025-12-22T21:27:01.610Z] GET /info/1
[2025-12-22T21:27:02.048Z] GET /info/1
[2025-12-22T21:27:02.482Z] GET /info/1
[2025-12-22T21:27:02.898Z] GET /info/1
[2025-12-22T21:27:03.335Z] GET /info/1
[2025-12-22T21:29:16.671Z] GET /info/2
[2025-12-22T21:29:18.219Z] GET /info/2
